<?xml version="1.0" encoding="UTF-8"?>
<robot generator="Robot 4.1.1 (Python 3.8.4 on win32)" generated="20211007 15:12:25.482" rpa="false" schemaversion="2">
<suite id="s1" name="Login" source="C:\Users\cleic\github\voxy-coding-challenge\test_suite\login.robot">
<test id="s1-t1" name="Scenario 01: Invalid email verification">
<kw name="Open Browser" library="SeleniumLibrary" type="SETUP">
<doc>Opens a new browser instance to the optional ``url``.</doc>
<msg timestamp="20211007 15:12:25.912" level="INFO">Opening browser 'firefox' to base url 'None'.</msg>
<msg timestamp="20211007 15:12:25.929" level="INFO">Firefox driver log is always forced to to: C:\Users\cleic\github\voxy-coding-challenge\results\geckodriver-46.log</msg>
<status status="PASS" starttime="20211007 15:12:25.911" endtime="20211007 15:12:35.149"/>
</kw>
<kw name="Fill in the field &quot;email&quot; with a non-existing email account" library="login_resources">
<kw name="Go To" library="SeleniumLibrary">
<arg>${url}</arg>
<doc>Navigates the current browser window to the provided ``url``.</doc>
<msg timestamp="20211007 15:12:35.152" level="INFO">Opening url 'https://web-stage.voxy.com/v2/#/login/'</msg>
<status status="PASS" starttime="20211007 15:12:35.151" endtime="20211007 15:12:41.939"/>
</kw>
<kw name="Input Text" library="SeleniumLibrary">
<arg>xpath=//*[@id="login_form_email_input_field"]</arg>
<arg>${email}</arg>
<doc>Types the given ``text`` into the text field identified by ``locator``.</doc>
<msg timestamp="20211007 15:12:41.940" level="INFO">Typing text 'gibberish@gmail.com' into text field 'xpath=//*[@id="login_form_email_input_field"]'.</msg>
<status status="PASS" starttime="20211007 15:12:41.939" endtime="20211007 15:12:42.229"/>
</kw>
<status status="PASS" starttime="20211007 15:12:35.150" endtime="20211007 15:12:42.230"/>
</kw>
<kw name="Click the button &quot;Continue&quot;" library="login_resources">
<kw name="Click Button" library="SeleniumLibrary">
<arg>xpath=//*[@id="login_form_submit_button"]</arg>
<doc>Clicks the button identified by ``locator``.</doc>
<msg timestamp="20211007 15:12:42.232" level="INFO">Clicking button 'xpath=//*[@id="login_form_submit_button"]'.</msg>
<status status="PASS" starttime="20211007 15:12:42.231" endtime="20211007 15:12:42.676"/>
</kw>
<kw name="Set Selenium Speed" library="SeleniumLibrary">
<arg>1 seconds</arg>
<doc>Sets the delay that is waited after each Selenium command.</doc>
<status status="PASS" starttime="20211007 15:12:42.676" endtime="20211007 15:12:42.677"/>
</kw>
<kw name="Wait Until Element Is Visible" library="SeleniumLibrary">
<arg>xpath=//*[@id="modals-container"]/div/div/div[2]/div</arg>
<doc>Waits until the element ``locator`` is visible.</doc>
<status status="PASS" starttime="20211007 15:12:42.677" endtime="20211007 15:12:44.740"/>
</kw>
<status status="PASS" starttime="20211007 15:12:42.231" endtime="20211007 15:12:44.740"/>
</kw>
<kw name="Click &quot;Try again&quot;" library="login_resources">
<kw name="Click Button" library="SeleniumLibrary">
<arg>xpath=//*[@id="modals-container"]/div//div[2]//div[2]/button</arg>
<doc>Clicks the button identified by ``locator``.</doc>
<msg timestamp="20211007 15:12:44.744" level="INFO">Clicking button 'xpath=//*[@id="modals-container"]/div//div[2]//div[2]/button'.</msg>
<status status="PASS" starttime="20211007 15:12:44.743" endtime="20211007 15:12:50.098"/>
</kw>
<status status="PASS" starttime="20211007 15:12:44.741" endtime="20211007 15:12:50.098"/>
</kw>
<status status="PASS" starttime="20211007 15:12:25.910" endtime="20211007 15:12:50.102"/>
</test>
<test id="s1-t2" name="Scenario 02: Invalid number verification">
<kw name="Open Browser" library="SeleniumLibrary" type="SETUP">
<doc>Opens a new browser instance to the optional ``url``.</doc>
<msg timestamp="20211007 15:12:50.109" level="INFO">Opening browser 'firefox' to base url 'None'.</msg>
<msg timestamp="20211007 15:12:50.120" level="INFO">Firefox driver log is always forced to to: C:\Users\cleic\github\voxy-coding-challenge\results\geckodriver-47.log</msg>
<status status="PASS" starttime="20211007 15:12:50.108" endtime="20211007 15:12:58.061"/>
</kw>
<kw name="Click the radio button &quot;Mobile Number&quot;" library="login_resources">
<kw name="Go To" library="SeleniumLibrary">
<arg>${url}</arg>
<doc>Navigates the current browser window to the provided ``url``.</doc>
<msg timestamp="20211007 15:12:58.087" level="INFO">Opening url 'https://web-stage.voxy.com/v2/#/login/'</msg>
<status status="PASS" starttime="20211007 15:12:58.086" endtime="20211007 15:13:08.932"/>
</kw>
<kw name="Click Element" library="SeleniumLibrary">
<arg>xpath=//*[@id="login_form_field_phone"]/label/i</arg>
<doc>Click the element identified by ``locator``.</doc>
<msg timestamp="20211007 15:13:08.935" level="INFO">Clicking element 'xpath=//*[@id="login_form_field_phone"]/label/i'.</msg>
<status status="PASS" starttime="20211007 15:13:08.933" endtime="20211007 15:13:13.119"/>
</kw>
<status status="PASS" starttime="20211007 15:12:58.085" endtime="20211007 15:13:13.119"/>
</kw>
<kw name="Insert the number 800-444-4444" library="login_resources">
<kw name="Input Text" library="SeleniumLibrary">
<arg>xpath=//*[@id="voxy-login"]//div//div/form//div[2]/div/div/input</arg>
<arg>${inumber}</arg>
<doc>Types the given ``text`` into the text field identified by ``locator``.</doc>
<msg timestamp="20211007 15:13:13.121" level="INFO">Typing text '800-444-4444' into text field 'xpath=//*[@id="voxy-login"]//div//div/form//div[2]/div/div/input'.</msg>
<status status="PASS" starttime="20211007 15:13:13.121" endtime="20211007 15:13:16.248"/>
</kw>
<status status="PASS" starttime="20211007 15:13:13.120" endtime="20211007 15:13:16.249"/>
</kw>
<kw name="Click the &quot;Continue&quot; button" library="login_resources">
<kw name="Click Button" library="SeleniumLibrary">
<arg>xpath=//*[@id="login_form_submit_button"]</arg>
<doc>Clicks the button identified by ``locator``.</doc>
<msg timestamp="20211007 15:13:16.255" level="INFO">Clicking button 'xpath=//*[@id="login_form_submit_button"]'.</msg>
<status status="PASS" starttime="20211007 15:13:16.254" endtime="20211007 15:13:21.618"/>
</kw>
<kw name="Set Selenium Speed" library="SeleniumLibrary">
<arg>1 seconds</arg>
<doc>Sets the delay that is waited after each Selenium command.</doc>
<status status="PASS" starttime="20211007 15:13:21.619" endtime="20211007 15:13:21.620"/>
</kw>
<kw name="Wait Until Element Is Visible" library="SeleniumLibrary">
<arg>xpath=//*[@id="modals-container"]/div/div/div[2]/div</arg>
<doc>Waits until the element ``locator`` is visible.</doc>
<status status="PASS" starttime="20211007 15:13:21.620" endtime="20211007 15:13:23.687"/>
</kw>
<status status="PASS" starttime="20211007 15:13:16.252" endtime="20211007 15:13:23.688"/>
</kw>
<kw name="Click the &quot;Try again&quot; button" library="login_resources">
<kw name="Click Button" library="SeleniumLibrary">
<arg>xpath=//*[@id="modals-container"]/div//div[2]//div[2]/button</arg>
<doc>Clicks the button identified by ``locator``.</doc>
<msg timestamp="20211007 15:13:23.692" level="INFO">Clicking button 'xpath=//*[@id="modals-container"]/div//div[2]//div[2]/button'.</msg>
<status status="PASS" starttime="20211007 15:13:23.691" endtime="20211007 15:13:29.083"/>
</kw>
<status status="PASS" starttime="20211007 15:13:23.690" endtime="20211007 15:13:29.084"/>
</kw>
<status status="PASS" starttime="20211007 15:12:50.106" endtime="20211007 15:13:29.086"/>
</test>
<test id="s1-t3" name="Scenario 03: Verify if email account is expired (email)">
<kw name="Open Browser" library="SeleniumLibrary" type="SETUP">
<doc>Opens a new browser instance to the optional ``url``.</doc>
<msg timestamp="20211007 15:13:29.094" level="INFO">Opening browser 'firefox' to base url 'None'.</msg>
<msg timestamp="20211007 15:13:29.106" level="INFO">Firefox driver log is always forced to to: C:\Users\cleic\github\voxy-coding-challenge\results\geckodriver-48.log</msg>
<status status="PASS" starttime="20211007 15:13:29.093" endtime="20211007 15:13:36.489"/>
</kw>
<kw name="Fill in the field &quot;email&quot; with an expired email (ex: test@email.com)" library="login_resources">
<kw name="Go To" library="SeleniumLibrary">
<arg>${url}</arg>
<doc>Navigates the current browser window to the provided ``url``.</doc>
<msg timestamp="20211007 15:13:36.492" level="INFO">Opening url 'https://web-stage.voxy.com/v2/#/login/'</msg>
<status status="PASS" starttime="20211007 15:13:36.491" endtime="20211007 15:13:42.397"/>
</kw>
<kw name="Input Text" library="SeleniumLibrary">
<arg>xpath=//*[@id="login_form_email_input_field"]</arg>
<arg>${exemail}</arg>
<doc>Types the given ``text`` into the text field identified by ``locator``.</doc>
<msg timestamp="20211007 15:13:42.398" level="INFO">Typing text 'test@email.com' into text field 'xpath=//*[@id="login_form_email_input_field"]'.</msg>
<status status="PASS" starttime="20211007 15:13:42.397" endtime="20211007 15:13:45.543"/>
</kw>
<status status="PASS" starttime="20211007 15:13:36.491" endtime="20211007 15:13:45.544"/>
</kw>
<kw name=" Click &quot;Continue&quot;" library="login_resources">
<kw name="Click Button" library="SeleniumLibrary">
<arg>xpath=//*[@id="login_form_submit_button"]</arg>
<doc>Clicks the button identified by ``locator``.</doc>
<msg timestamp="20211007 15:13:45.548" level="INFO">Clicking button 'xpath=//*[@id="login_form_submit_button"]'.</msg>
<status status="PASS" starttime="20211007 15:13:45.547" endtime="20211007 15:13:50.902"/>
</kw>
<kw name="Set Selenium Speed" library="SeleniumLibrary">
<arg>1 seconds</arg>
<doc>Sets the delay that is waited after each Selenium command.</doc>
<status status="PASS" starttime="20211007 15:13:50.903" endtime="20211007 15:13:50.905"/>
</kw>
<kw name="Wait Until Element Is Visible" library="SeleniumLibrary">
<arg>xpath=//*[@id="modals-container"]/div/div/div[2]/div</arg>
<doc>Waits until the element ``locator`` is visible.</doc>
<status status="PASS" starttime="20211007 15:13:50.906" endtime="20211007 15:13:52.944"/>
</kw>
<status status="PASS" starttime="20211007 15:13:45.545" endtime="20211007 15:13:52.945"/>
</kw>
<kw name=" Click &quot;Back to login&quot;" library="login_resources">
<kw name="Click Button" library="SeleniumLibrary">
<arg>xpath=//*[@id="modals-container"]/div/div/div[2]/div/div[2]/button</arg>
<doc>Clicks the button identified by ``locator``.</doc>
<msg timestamp="20211007 15:13:52.949" level="INFO">Clicking button 'xpath=//*[@id="modals-container"]/div/div/div[2]/div/div[2]/button'.</msg>
<status status="PASS" starttime="20211007 15:13:52.948" endtime="20211007 15:13:58.342"/>
</kw>
<status status="PASS" starttime="20211007 15:13:52.946" endtime="20211007 15:13:58.344"/>
</kw>
<status status="PASS" starttime="20211007 15:13:29.090" endtime="20211007 15:13:58.357"/>
</test>
<status status="PASS" starttime="20211007 15:12:25.484" endtime="20211007 15:13:58.365"/>
</suite>
<statistics>
<total>
<stat pass="3" fail="0" skip="0">All Tests</stat>
</total>
<tag>
</tag>
<suite>
<stat pass="3" fail="0" skip="0" id="s1" name="Login">Login</stat>
</suite>
</statistics>
<errors>
</errors>
</robot>
