<?xml version="1.0" encoding="UTF-8"?>
<robot generator="Robot 4.1.1 (Python 3.8.4 on win32)" generated="20211007 15:20:32.353" rpa="false" schemaversion="2">
<suite id="s1" name="Login" source="C:\Users\cleic\github\voxy-coding-challenge\test_suite\login.robot">
<test id="s1-t1" name="Scenario 01: Invalid email verification">
<kw name="Open Browser" library="SeleniumLibrary" type="SETUP">
<doc>Opens a new browser instance to the optional ``url``.</doc>
<msg timestamp="20211007 15:20:32.901" level="INFO">Opening browser 'firefox' to base url 'None'.</msg>
<msg timestamp="20211007 15:20:32.909" level="INFO">Firefox driver log is always forced to to: C:\Users\cleic\github\voxy-coding-challenge\results\geckodriver-49.log</msg>
<status status="PASS" starttime="20211007 15:20:32.901" endtime="20211007 15:20:40.320"/>
</kw>
<kw name="Fill in the field &quot;email&quot; with a non-existing email account" library="login_resources">
<kw name="Go To" library="SeleniumLibrary">
<arg>${url}</arg>
<doc>Navigates the current browser window to the provided ``url``.</doc>
<msg timestamp="20211007 15:20:40.324" level="INFO">Opening url 'https://web-stage.voxy.com/v2/#/login/'</msg>
<status status="PASS" starttime="20211007 15:20:40.323" endtime="20211007 15:20:44.017"/>
</kw>
<kw name="Input Text" library="SeleniumLibrary">
<arg>xpath=//*[@id="login_form_email_input_field"]</arg>
<arg>${email}</arg>
<doc>Types the given ``text`` into the text field identified by ``locator``.</doc>
<msg timestamp="20211007 15:20:44.019" level="INFO">Typing text 'gibberish@gmail.com' into text field 'xpath=//*[@id="login_form_email_input_field"]'.</msg>
<status status="PASS" starttime="20211007 15:20:44.017" endtime="20211007 15:20:44.168"/>
</kw>
<status status="PASS" starttime="20211007 15:20:40.322" endtime="20211007 15:20:44.168"/>
</kw>
<kw name="Click the button &quot;Continue&quot;" library="login_resources">
<kw name="Click Button" library="SeleniumLibrary">
<arg>xpath=//*[@id="login_form_submit_button"]</arg>
<doc>Clicks the button identified by ``locator``.</doc>
<msg timestamp="20211007 15:20:44.172" level="INFO">Clicking button 'xpath=//*[@id="login_form_submit_button"]'.</msg>
<status status="PASS" starttime="20211007 15:20:44.171" endtime="20211007 15:20:44.980"/>
</kw>
<kw name="Set Selenium Speed" library="SeleniumLibrary">
<arg>1 seconds</arg>
<doc>Sets the delay that is waited after each Selenium command.</doc>
<status status="PASS" starttime="20211007 15:20:44.980" endtime="20211007 15:20:44.981"/>
</kw>
<kw name="Wait Until Element Is Visible" library="SeleniumLibrary">
<arg>xpath=//*[@id="modals-container"]/div/div/div[2]/div</arg>
<doc>Waits until the element ``locator`` is visible.</doc>
<status status="PASS" starttime="20211007 15:20:44.981" endtime="20211007 15:20:47.032"/>
</kw>
<status status="PASS" starttime="20211007 15:20:44.170" endtime="20211007 15:20:47.032"/>
</kw>
<kw name="Click &quot;Try again&quot;" library="login_resources">
<kw name="Click Button" library="SeleniumLibrary">
<arg>xpath=//*[@id="modals-container"]/div//div[2]//div[2]/button</arg>
<doc>Clicks the button identified by ``locator``.</doc>
<msg timestamp="20211007 15:20:47.035" level="INFO">Clicking button 'xpath=//*[@id="modals-container"]/div//div[2]//div[2]/button'.</msg>
<status status="PASS" starttime="20211007 15:20:47.034" endtime="20211007 15:20:52.403"/>
</kw>
<status status="PASS" starttime="20211007 15:20:47.033" endtime="20211007 15:20:52.404"/>
</kw>
<kw name="Close Browser" library="SeleniumLibrary" type="TEARDOWN">
<doc>Closes the current browser.</doc>
<status status="PASS" starttime="20211007 15:20:52.406" endtime="20211007 15:20:54.760"/>
</kw>
<status status="PASS" starttime="20211007 15:20:32.899" endtime="20211007 15:20:54.761"/>
</test>
<test id="s1-t2" name="Scenario 02: Invalid number verification">
<kw name="Open Browser" library="SeleniumLibrary" type="SETUP">
<doc>Opens a new browser instance to the optional ``url``.</doc>
<msg timestamp="20211007 15:20:54.769" level="INFO">Opening browser 'firefox' to base url 'None'.</msg>
<msg timestamp="20211007 15:20:54.782" level="INFO">Firefox driver log is always forced to to: C:\Users\cleic\github\voxy-coding-challenge\results\geckodriver-50.log</msg>
<status status="PASS" starttime="20211007 15:20:54.768" endtime="20211007 15:21:01.646"/>
</kw>
<kw name="Click the radio button &quot;Mobile Number&quot;" library="login_resources">
<kw name="Go To" library="SeleniumLibrary">
<arg>${url}</arg>
<doc>Navigates the current browser window to the provided ``url``.</doc>
<msg timestamp="20211007 15:21:01.648" level="INFO">Opening url 'https://web-stage.voxy.com/v2/#/login/'</msg>
<status status="PASS" starttime="20211007 15:21:01.647" endtime="20211007 15:21:06.563"/>
</kw>
<kw name="Click Element" library="SeleniumLibrary">
<arg>xpath=//*[@id="login_form_field_phone"]/label/i</arg>
<doc>Click the element identified by ``locator``.</doc>
<msg timestamp="20211007 15:21:06.565" level="INFO">Clicking element 'xpath=//*[@id="login_form_field_phone"]/label/i'.</msg>
<status status="PASS" starttime="20211007 15:21:06.563" endtime="20211007 15:21:09.042"/>
</kw>
<status status="PASS" starttime="20211007 15:21:01.647" endtime="20211007 15:21:09.043"/>
</kw>
<kw name="Insert the number 800-444-4444" library="login_resources">
<kw name="Input Text" library="SeleniumLibrary">
<arg>xpath=//*[@id="voxy-login"]//div//div/form//div[2]/div/div/input</arg>
<arg>${inumber}</arg>
<doc>Types the given ``text`` into the text field identified by ``locator``.</doc>
<msg timestamp="20211007 15:21:09.047" level="INFO">Typing text '800-444-4444' into text field 'xpath=//*[@id="voxy-login"]//div//div/form//div[2]/div/div/input'.</msg>
<status status="PASS" starttime="20211007 15:21:09.046" endtime="20211007 15:21:12.176"/>
</kw>
<status status="PASS" starttime="20211007 15:21:09.044" endtime="20211007 15:21:12.177"/>
</kw>
<kw name="Click the &quot;Continue&quot; button" library="login_resources">
<kw name="Click Button" library="SeleniumLibrary">
<arg>xpath=//*[@id="login_form_submit_button"]</arg>
<doc>Clicks the button identified by ``locator``.</doc>
<msg timestamp="20211007 15:21:12.182" level="INFO">Clicking button 'xpath=//*[@id="login_form_submit_button"]'.</msg>
<status status="PASS" starttime="20211007 15:21:12.181" endtime="20211007 15:21:17.557"/>
</kw>
<kw name="Set Selenium Speed" library="SeleniumLibrary">
<arg>1 seconds</arg>
<doc>Sets the delay that is waited after each Selenium command.</doc>
<status status="PASS" starttime="20211007 15:21:17.558" endtime="20211007 15:21:17.559"/>
</kw>
<kw name="Wait Until Element Is Visible" library="SeleniumLibrary">
<arg>xpath=//*[@id="modals-container"]/div/div/div[2]/div</arg>
<doc>Waits until the element ``locator`` is visible.</doc>
<status status="PASS" starttime="20211007 15:21:17.559" endtime="20211007 15:21:19.613"/>
</kw>
<status status="PASS" starttime="20211007 15:21:12.179" endtime="20211007 15:21:19.614"/>
</kw>
<kw name="Click the &quot;Try again&quot; button" library="login_resources">
<kw name="Click Button" library="SeleniumLibrary">
<arg>xpath=//*[@id="modals-container"]/div//div[2]//div[2]/button</arg>
<doc>Clicks the button identified by ``locator``.</doc>
<msg timestamp="20211007 15:21:19.618" level="INFO">Clicking button 'xpath=//*[@id="modals-container"]/div//div[2]//div[2]/button'.</msg>
<status status="PASS" starttime="20211007 15:21:19.617" endtime="20211007 15:21:24.933"/>
</kw>
<status status="PASS" starttime="20211007 15:21:19.616" endtime="20211007 15:21:24.933"/>
</kw>
<kw name="Close Browser" library="SeleniumLibrary" type="TEARDOWN">
<doc>Closes the current browser.</doc>
<status status="PASS" starttime="20211007 15:21:24.934" endtime="20211007 15:21:27.176"/>
</kw>
<status status="PASS" starttime="20211007 15:20:54.766" endtime="20211007 15:21:27.177"/>
</test>
<test id="s1-t3" name="Scenario 03: Verify if email account is expired (email)">
<kw name="Open Browser" library="SeleniumLibrary" type="SETUP">
<doc>Opens a new browser instance to the optional ``url``.</doc>
<msg timestamp="20211007 15:21:27.185" level="INFO">Opening browser 'firefox' to base url 'None'.</msg>
<msg timestamp="20211007 15:21:27.192" level="INFO">Firefox driver log is always forced to to: C:\Users\cleic\github\voxy-coding-challenge\results\geckodriver-51.log</msg>
<status status="PASS" starttime="20211007 15:21:27.184" endtime="20211007 15:21:36.434"/>
</kw>
<kw name="Fill in the field &quot;email&quot; with an expired email (ex: test@email.com)" library="login_resources">
<kw name="Go To" library="SeleniumLibrary">
<arg>${url}</arg>
<doc>Navigates the current browser window to the provided ``url``.</doc>
<msg timestamp="20211007 15:21:36.437" level="INFO">Opening url 'https://web-stage.voxy.com/v2/#/login/'</msg>
<status status="PASS" starttime="20211007 15:21:36.436" endtime="20211007 15:21:43.575"/>
</kw>
<kw name="Input Text" library="SeleniumLibrary">
<arg>xpath=//*[@id="login_form_email_input_field"]</arg>
<arg>${exemail}</arg>
<doc>Types the given ``text`` into the text field identified by ``locator``.</doc>
<msg timestamp="20211007 15:21:43.576" level="INFO">Typing text 'test@email.com' into text field 'xpath=//*[@id="login_form_email_input_field"]'.</msg>
<status status="PASS" starttime="20211007 15:21:43.575" endtime="20211007 15:21:46.744"/>
</kw>
<status status="PASS" starttime="20211007 15:21:36.435" endtime="20211007 15:21:46.744"/>
</kw>
<kw name="Click &quot;Continue&quot;" library="login_resources">
<kw name="Click Button" library="SeleniumLibrary">
<arg>xpath=//*[@id="login_form_submit_button"]</arg>
<doc>Clicks the button identified by ``locator``.</doc>
<msg timestamp="20211007 15:21:46.747" level="INFO">Clicking button 'xpath=//*[@id="login_form_submit_button"]'.</msg>
<status status="PASS" starttime="20211007 15:21:46.746" endtime="20211007 15:21:52.142"/>
</kw>
<kw name="Set Selenium Speed" library="SeleniumLibrary">
<arg>1 seconds</arg>
<doc>Sets the delay that is waited after each Selenium command.</doc>
<status status="PASS" starttime="20211007 15:21:52.142" endtime="20211007 15:21:52.142"/>
</kw>
<kw name="Wait Until Element Is Visible" library="SeleniumLibrary">
<arg>xpath=//*[@id="modals-container"]/div/div/div[2]/div</arg>
<doc>Waits until the element ``locator`` is visible.</doc>
<status status="PASS" starttime="20211007 15:21:52.143" endtime="20211007 15:21:54.205"/>
</kw>
<status status="PASS" starttime="20211007 15:21:46.745" endtime="20211007 15:21:54.205"/>
</kw>
<kw name="Click &quot;Back to login&quot;" library="login_resources">
<kw name="Click Button" library="SeleniumLibrary">
<arg>xpath=//*[@id="modals-container"]/div/div/div[2]/div/div[2]/button</arg>
<doc>Clicks the button identified by ``locator``.</doc>
<msg timestamp="20211007 15:21:54.211" level="INFO">Clicking button 'xpath=//*[@id="modals-container"]/div/div/div[2]/div/div[2]/button'.</msg>
<status status="PASS" starttime="20211007 15:21:54.209" endtime="20211007 15:21:59.547"/>
</kw>
<status status="PASS" starttime="20211007 15:21:54.208" endtime="20211007 15:21:59.548"/>
</kw>
<kw name="Close Browser" library="SeleniumLibrary" type="TEARDOWN">
<doc>Closes the current browser.</doc>
<status status="PASS" starttime="20211007 15:21:59.550" endtime="20211007 15:22:01.630"/>
</kw>
<status status="PASS" starttime="20211007 15:21:27.182" endtime="20211007 15:22:01.630"/>
</test>
<status status="PASS" starttime="20211007 15:20:32.356" endtime="20211007 15:22:01.636"/>
</suite>
<statistics>
<total>
<stat pass="3" fail="0" skip="0">All Tests</stat>
</total>
<tag>
</tag>
<suite>
<stat pass="3" fail="0" skip="0" id="s1" name="Login">Login</stat>
</suite>
</statistics>
<errors>
</errors>
</robot>
